<?xml version="1.0" encoding="UTF-8"?>
<!-- Generated by org.testng.reporters.JUnitXMLReporter -->
<testsuite ignored="0" hostname="DESKTOP-M0P2L2S" failures="0" tests="10" name="Test" time="138.399" errors="0" timestamp="2021-09-27T03:13:33 GMT-07:00">
  <testcase classname="com.urbanladder.runner.runner2" name="addingToCart" time="13.411"/>
  <testcase classname="com.urbanladder.runner.runner2" name="addressValidation" time="12.578"/>
  <testcase classname="com.urbanladder.runner.runner2" name="contactUsValidation" time="3.962"/>
  <testcase classname="com.urbanladder.runner.runner2" name="login" time="3.921"/>
  <testcase classname="com.urbanladder.runner.runner2" name="playstore" time="5.429"/>
  <testcase classname="com.urbanladder.runner.runner2" name="signup" time="4.613"/>
  <testcase classname="com.urbanladder.runner.runner2" name="validateCareersURL" time="2.849"/>
  <testcase classname="com.urbanladder.runner.runner2" name="validateTitle" time="0.898"/>
  <testcase classname="com.urbanladder.runner.runner2" name="validatingFacebookURL" time="9.628"/>
  <testcase classname="com.urbanladder.runner.runner2" name="emailSubscriptionValidation" time="2.61"/>
</testsuite> <!-- Test -->
