<?xml version="1.0" encoding="UTF-8"?>
<!-- Generated by org.testng.reporters.JUnitXMLReporter -->
<testsuite ignored="0" hostname="DESKTOP-M0P2L2S" failures="0" tests="10" name="Default test" time="122.273" errors="0" timestamp="2021-09-27T01:50:23 GMT-07:00">
  <testcase classname="com.urbanladder.runner.runner2" name="addingToCart" time="8.614"/>
  <testcase classname="com.urbanladder.runner.runner2" name="addressValidation" time="10.4"/>
  <testcase classname="com.urbanladder.runner.runner2" name="contactUsValidation" time="1.516"/>
  <testcase classname="com.urbanladder.runner.runner2" name="login" time="6.441"/>
  <testcase classname="com.urbanladder.runner.runner2" name="playstore" time="3.999"/>
  <testcase classname="com.urbanladder.runner.runner2" name="signup" time="4.019"/>
  <testcase classname="com.urbanladder.runner.runner2" name="validateCareersURL" time="2.862"/>
  <testcase classname="com.urbanladder.runner.runner2" name="validateTitle" time="0.784"/>
  <testcase classname="com.urbanladder.runner.runner2" name="validatingFacebookURL" time="6.216"/>
  <testcase classname="com.urbanladder.runner.runner2" name="emailSubscriptionValidation" time="2.22"/>
</testsuite> <!-- Default test -->
